2025-07-06 20:39:21 startup archives install
2025-07-06 20:39:21 install base-passwd:amd64 <none> 3.5.52build1
2025-07-06 20:39:21 status half-installed base-passwd:amd64 3.5.52build1
2025-07-06 20:39:21 status unpacked base-passwd:amd64 3.5.52build1
2025-07-06 20:39:21 configure base-passwd:amd64 3.5.52build1 3.5.52build1
2025-07-06 20:39:21 status half-configured base-passwd:amd64 3.5.52build1
2025-07-06 20:39:21 status installed base-passwd:amd64 3.5.52build1
2025-07-06 20:39:21 startup archives install
2025-07-06 20:39:21 install base-files:amd64 <none> 12ubuntu4
2025-07-06 20:39:21 status half-installed base-files:amd64 12ubuntu4
2025-07-06 20:39:21 status unpacked base-files:amd64 12ubuntu4
2025-07-06 20:39:21 configure base-files:amd64 12ubuntu4 12ubuntu4
2025-07-06 20:39:21 status half-configured base-files:amd64 12ubuntu4
2025-07-06 20:39:22 status installed base-files:amd64 12ubuntu4
2025-07-06 20:39:22 startup archives install
2025-07-06 20:39:22 upgrade dpkg 1.21.1ubuntu2 1.21.1ubuntu2
2025-07-06 20:39:22 status half-configured dpkg 1.21.1ubuntu2
2025-07-06 20:39:22 status unpacked dpkg 1.21.1ubuntu2
2025-07-06 20:39:22 status half-installed dpkg 1.21.1ubuntu2
2025-07-06 20:39:22 status unpacked dpkg:amd64 1.21.1ubuntu2
2025-07-06 20:39:22 configure dpkg:amd64 1.21.1ubuntu2 1.21.1ubuntu2
2025-07-06 20:39:22 status half-configured dpkg:amd64 1.21.1ubuntu2
2025-07-06 20:39:22 status installed dpkg:amd64 1.21.1ubuntu2
2025-07-06 20:39:22 startup archives install
2025-07-06 20:39:22 install libc6:amd64 <none> 2.35-0ubuntu3
2025-07-06 20:39:22 status half-installed libc6:amd64 2.35-0ubuntu3
2025-07-06 20:39:23 status unpacked libc6:amd64 2.35-0ubuntu3
2025-07-06 20:39:23 configure libc6:amd64 2.35-0ubuntu3 2.35-0ubuntu3
2025-07-06 20:39:23 status half-configured libc6:amd64 2.35-0ubuntu3
2025-07-06 20:39:23 status installed libc6:amd64 2.35-0ubuntu3
2025-07-06 20:39:23 startup archives install
2025-07-06 20:39:23 install perl-base:amd64 <none> 5.34.0-3ubuntu1
2025-07-06 20:39:23 status half-installed perl-base:amd64 5.34.0-3ubuntu1
2025-07-06 20:39:23 status unpacked perl-base:amd64 5.34.0-3ubuntu1
2025-07-06 20:39:23 configure perl-base:amd64 5.34.0-3ubuntu1 5.34.0-3ubuntu1
2025-07-06 20:39:23 status half-configured perl-base:amd64 5.34.0-3ubuntu1
2025-07-06 20:39:23 status installed perl-base:amd64 5.34.0-3ubuntu1
2025-07-06 20:39:23 startup archives install
2025-07-06 20:39:23 install mawk:amd64 <none> 1.3.4.20200120-3
2025-07-06 20:39:23 status half-installed mawk:amd64 1.3.4.20200120-3
2025-07-06 20:39:23 status unpacked mawk:amd64 1.3.4.20200120-3
2025-07-06 20:39:23 configure mawk:amd64 1.3.4.20200120-3 1.3.4.20200120-3
2025-07-06 20:39:23 status half-configured mawk:amd64 1.3.4.20200120-3
2025-07-06 20:39:23 status installed mawk:amd64 1.3.4.20200120-3
2025-07-06 20:39:23 startup archives unpack
2025-07-06 20:39:24 upgrade base-files:amd64 12ubuntu4 12ubuntu4
2025-07-06 20:39:24 status half-configured base-files:amd64 12ubuntu4
2025-07-06 20:39:24 status unpacked base-files:amd64 12ubuntu4
2025-07-06 20:39:24 status half-installed base-files:amd64 12ubuntu4
2025-07-06 20:39:24 status unpacked base-files:amd64 12ubuntu4
2025-07-06 20:39:24 upgrade base-passwd:amd64 3.5.52build1 3.5.52build1
2025-07-06 20:39:24 status half-configured base-passwd:amd64 3.5.52build1
2025-07-06 20:39:24 status unpacked base-passwd:amd64 3.5.52build1
2025-07-06 20:39:24 status half-installed base-passwd:amd64 3.5.52build1
2025-07-06 20:39:24 status unpacked base-passwd:amd64 3.5.52build1
2025-07-06 20:39:24 install bash:amd64 <none> 5.1-6ubuntu1
2025-07-06 20:39:24 status half-installed bash:amd64 5.1-6ubuntu1
2025-07-06 20:39:24 status unpacked bash:amd64 5.1-6ubuntu1
2025-07-06 20:39:24 install bsdutils:amd64 <none> 1:2.37.2-4ubuntu3
2025-07-06 20:39:24 status half-installed bsdutils:amd64 1:2.37.2-4ubuntu3
2025-07-06 20:39:24 status unpacked bsdutils:amd64 1:2.37.2-4ubuntu3
2025-07-06 20:39:24 install coreutils:amd64 <none> 8.32-4.1ubuntu1
2025-07-06 20:39:24 status half-installed coreutils:amd64 8.32-4.1ubuntu1
2025-07-06 20:39:24 status unpacked coreutils:amd64 8.32-4.1ubuntu1
2025-07-06 20:39:24 install dash:amd64 <none> 0.5.11+git20210903+057cd650a4ed-3build1
2025-07-06 20:39:24 status half-installed dash:amd64 0.5.11+git20210903+057cd650a4ed-3build1
2025-07-06 20:39:24 status unpacked dash:amd64 0.5.11+git20210903+057cd650a4ed-3build1
2025-07-06 20:39:24 install debconf:all <none> 1.5.79ubuntu1
2025-07-06 20:39:24 status half-installed debconf:all 1.5.79ubuntu1
2025-07-06 20:39:25 status unpacked debconf:all 1.5.79ubuntu1
2025-07-06 20:39:25 install debianutils:amd64 <none> 5.5-1ubuntu2
2025-07-06 20:39:25 status half-installed debianutils:amd64 5.5-1ubuntu2
2025-07-06 20:39:25 status unpacked debianutils:amd64 5.5-1ubuntu2
2025-07-06 20:39:25 install diffutils:amd64 <none> 1:3.8-0ubuntu2
2025-07-06 20:39:25 status half-installed diffutils:amd64 1:3.8-0ubuntu2
2025-07-06 20:39:25 status unpacked diffutils:amd64 1:3.8-0ubuntu2
2025-07-06 20:39:25 upgrade dpkg:amd64 1.21.1ubuntu2 1.21.1ubuntu2
2025-07-06 20:39:25 status half-configured dpkg:amd64 1.21.1ubuntu2
2025-07-06 20:39:25 status unpacked dpkg:amd64 1.21.1ubuntu2
2025-07-06 20:39:25 status half-installed dpkg:amd64 1.21.1ubuntu2
2025-07-06 20:39:25 status unpacked dpkg:amd64 1.21.1ubuntu2
2025-07-06 20:39:25 install e2fsprogs:amd64 <none> 1.46.5-2ubuntu1
2025-07-06 20:39:25 status half-installed e2fsprogs:amd64 1.46.5-2ubuntu1
2025-07-06 20:39:25 status unpacked e2fsprogs:amd64 1.46.5-2ubuntu1
2025-07-06 20:39:25 install findutils:amd64 <none> 4.8.0-1ubuntu3
2025-07-06 20:39:25 status half-installed findutils:amd64 4.8.0-1ubuntu3
2025-07-06 20:39:25 status unpacked findutils:amd64 4.8.0-1ubuntu3
2025-07-06 20:39:25 install gcc-12-base:amd64 <none> 12-20220319-1ubuntu1
2025-07-06 20:39:25 status half-installed gcc-12-base:amd64 12-20220319-1ubuntu1
2025-07-06 20:39:25 status unpacked gcc-12-base:amd64 12-20220319-1ubuntu1
2025-07-06 20:39:25 install grep:amd64 <none> 3.7-1build1
2025-07-06 20:39:25 status half-installed grep:amd64 3.7-1build1
2025-07-06 20:39:25 status unpacked grep:amd64 3.7-1build1
2025-07-06 20:39:26 install gzip:amd64 <none> 1.10-4ubuntu4
2025-07-06 20:39:26 status half-installed gzip:amd64 1.10-4ubuntu4
2025-07-06 20:39:26 status unpacked gzip:amd64 1.10-4ubuntu4
2025-07-06 20:39:26 install hostname:amd64 <none> 3.23ubuntu2
2025-07-06 20:39:26 status half-installed hostname:amd64 3.23ubuntu2
2025-07-06 20:39:26 status unpacked hostname:amd64 3.23ubuntu2
2025-07-06 20:39:26 install init-system-helpers:all <none> 1.62
2025-07-06 20:39:26 status half-installed init-system-helpers:all 1.62
2025-07-06 20:39:26 status unpacked init-system-helpers:all 1.62
2025-07-06 20:39:26 install libacl1:amd64 <none> 2.3.1-1
2025-07-06 20:39:26 status half-installed libacl1:amd64 2.3.1-1
2025-07-06 20:39:26 status unpacked libacl1:amd64 2.3.1-1
2025-07-06 20:39:26 install libattr1:amd64 <none> 1:2.5.1-1build1
2025-07-06 20:39:26 status half-installed libattr1:amd64 1:2.5.1-1build1
2025-07-06 20:39:26 status unpacked libattr1:amd64 1:2.5.1-1build1
2025-07-06 20:39:26 install libaudit-common:all <none> 1:3.0.7-1build1
2025-07-06 20:39:26 status half-installed libaudit-common:all 1:3.0.7-1build1
2025-07-06 20:39:26 status unpacked libaudit-common:all 1:3.0.7-1build1
2025-07-06 20:39:26 install libaudit1:amd64 <none> 1:3.0.7-1build1
2025-07-06 20:39:26 status half-installed libaudit1:amd64 1:3.0.7-1build1
2025-07-06 20:39:26 status unpacked libaudit1:amd64 1:3.0.7-1build1
2025-07-06 20:39:26 install libblkid1:amd64 <none> 2.37.2-4ubuntu3
2025-07-06 20:39:26 status half-installed libblkid1:amd64 2.37.2-4ubuntu3
2025-07-06 20:39:26 status unpacked libblkid1:amd64 2.37.2-4ubuntu3
2025-07-06 20:39:26 install libbz2-1.0:amd64 <none> 1.0.8-5build1
2025-07-06 20:39:26 status half-installed libbz2-1.0:amd64 1.0.8-5build1
2025-07-06 20:39:26 status unpacked libbz2-1.0:amd64 1.0.8-5build1
2025-07-06 20:39:26 install libc-bin:amd64 <none> 2.35-0ubuntu3
2025-07-06 20:39:26 status half-installed libc-bin:amd64 2.35-0ubuntu3
2025-07-06 20:39:27 status unpacked libc-bin:amd64 2.35-0ubuntu3
2025-07-06 20:39:27 upgrade libc6:amd64 2.35-0ubuntu3 2.35-0ubuntu3
2025-07-06 20:39:27 status half-configured libc6:amd64 2.35-0ubuntu3
2025-07-06 20:39:27 status unpacked libc6:amd64 2.35-0ubuntu3
2025-07-06 20:39:27 status half-installed libc6:amd64 2.35-0ubuntu3
2025-07-06 20:39:29 status unpacked libc6:amd64 2.35-0ubuntu3
2025-07-06 20:39:29 install libcap-ng0:amd64 <none> 0.7.9-2.2build3
2025-07-06 20:39:29 status half-installed libcap-ng0:amd64 0.7.9-2.2build3
2025-07-06 20:39:29 status unpacked libcap-ng0:amd64 0.7.9-2.2build3
2025-07-06 20:39:30 install libcap2:amd64 <none> 1:2.44-1build3
2025-07-06 20:39:30 status half-installed libcap2:amd64 1:2.44-1build3
2025-07-06 20:39:30 status unpacked libcap2:amd64 1:2.44-1build3
2025-07-06 20:39:30 install libcom-err2:amd64 <none> 1.46.5-2ubuntu1
2025-07-06 20:39:30 status half-installed libcom-err2:amd64 1.46.5-2ubuntu1
2025-07-06 20:39:30 status unpacked libcom-err2:amd64 1.46.5-2ubuntu1
2025-07-06 20:39:30 install libcrypt1:amd64 <none> 1:4.4.27-1
2025-07-06 20:39:30 status half-installed libcrypt1:amd64 1:4.4.27-1
2025-07-06 20:39:30 status unpacked libcrypt1:amd64 1:4.4.27-1
2025-07-06 20:39:30 install libdb5.3:amd64 <none> 5.3.28+dfsg1-0.8ubuntu3
2025-07-06 20:39:30 status half-installed libdb5.3:amd64 5.3.28+dfsg1-0.8ubuntu3
2025-07-06 20:39:30 status unpacked libdb5.3:amd64 5.3.28+dfsg1-0.8ubuntu3
2025-07-06 20:39:30 install libdebconfclient0:amd64 <none> 0.261ubuntu1
2025-07-06 20:39:30 status half-installed libdebconfclient0:amd64 0.261ubuntu1
2025-07-06 20:39:30 status unpacked libdebconfclient0:amd64 0.261ubuntu1
2025-07-06 20:39:31 install libext2fs2:amd64 <none> 1.46.5-2ubuntu1
2025-07-06 20:39:31 status half-installed libext2fs2:amd64 1.46.5-2ubuntu1
2025-07-06 20:39:31 status unpacked libext2fs2:amd64 1.46.5-2ubuntu1
2025-07-06 20:39:31 install libgcc-s1:amd64 <none> 12-20220319-1ubuntu1
2025-07-06 20:39:31 status half-installed libgcc-s1:amd64 12-20220319-1ubuntu1
2025-07-06 20:39:31 status unpacked libgcc-s1:amd64 12-20220319-1ubuntu1
2025-07-06 20:39:31 install libgcrypt20:amd64 <none> 1.9.4-3ubuntu3
2025-07-06 20:39:31 status half-installed libgcrypt20:amd64 1.9.4-3ubuntu3
2025-07-06 20:39:31 status unpacked libgcrypt20:amd64 1.9.4-3ubuntu3
2025-07-06 20:39:31 install libgmp10:amd64 <none> 2:6.2.1+dfsg-3ubuntu1
2025-07-06 20:39:31 status half-installed libgmp10:amd64 2:6.2.1+dfsg-3ubuntu1
2025-07-06 20:39:31 status unpacked libgmp10:amd64 2:6.2.1+dfsg-3ubuntu1
2025-07-06 20:39:31 install libgpg-error0:amd64 <none> 1.43-3
2025-07-06 20:39:31 status half-installed libgpg-error0:amd64 1.43-3
2025-07-06 20:39:32 status unpacked libgpg-error0:amd64 1.43-3
2025-07-06 20:39:32 install libgssapi-krb5-2:amd64 <none> 1.19.2-2
2025-07-06 20:39:32 status half-installed libgssapi-krb5-2:amd64 1.19.2-2
2025-07-06 20:39:32 status unpacked libgssapi-krb5-2:amd64 1.19.2-2
2025-07-06 20:39:32 install libk5crypto3:amd64 <none> 1.19.2-2
2025-07-06 20:39:32 status half-installed libk5crypto3:amd64 1.19.2-2
2025-07-06 20:39:32 status unpacked libk5crypto3:amd64 1.19.2-2
2025-07-06 20:39:32 install libkeyutils1:amd64 <none> 1.6.1-2ubuntu3
2025-07-06 20:39:32 status half-installed libkeyutils1:amd64 1.6.1-2ubuntu3
2025-07-06 20:39:32 status unpacked libkeyutils1:amd64 1.6.1-2ubuntu3
2025-07-06 20:39:33 install libkrb5-3:amd64 <none> 1.19.2-2
2025-07-06 20:39:33 status half-installed libkrb5-3:amd64 1.19.2-2
2025-07-06 20:39:33 status unpacked libkrb5-3:amd64 1.19.2-2
2025-07-06 20:39:33 install libkrb5support0:amd64 <none> 1.19.2-2
2025-07-06 20:39:33 status half-installed libkrb5support0:amd64 1.19.2-2
2025-07-06 20:39:33 status unpacked libkrb5support0:amd64 1.19.2-2
2025-07-06 20:39:33 install liblz4-1:amd64 <none> 1.9.3-2build2
2025-07-06 20:39:33 status half-installed liblz4-1:amd64 1.9.3-2build2
2025-07-06 20:39:33 status unpacked liblz4-1:amd64 1.9.3-2build2
2025-07-06 20:39:33 install liblzma5:amd64 <none> 5.2.5-2ubuntu1
2025-07-06 20:39:33 status half-installed liblzma5:amd64 5.2.5-2ubuntu1
2025-07-06 20:39:33 status unpacked liblzma5:amd64 5.2.5-2ubuntu1
2025-07-06 20:39:34 install libmount1:amd64 <none> 2.37.2-4ubuntu3
2025-07-06 20:39:34 status half-installed libmount1:amd64 2.37.2-4ubuntu3
2025-07-06 20:39:34 status unpacked libmount1:amd64 2.37.2-4ubuntu3
2025-07-06 20:39:34 install libncurses6:amd64 <none> 6.3-2
2025-07-06 20:39:34 status half-installed libncurses6:amd64 6.3-2
2025-07-06 20:39:34 status unpacked libncurses6:amd64 6.3-2
2025-07-06 20:39:34 install libncursesw6:amd64 <none> 6.3-2
2025-07-06 20:39:34 status half-installed libncursesw6:amd64 6.3-2
2025-07-06 20:39:34 status unpacked libncursesw6:amd64 6.3-2
2025-07-06 20:39:34 install libnsl2:amd64 <none> 1.3.0-2build2
2025-07-06 20:39:34 status half-installed libnsl2:amd64 1.3.0-2build2
2025-07-06 20:39:34 status unpacked libnsl2:amd64 1.3.0-2build2
2025-07-06 20:39:34 install libpam-modules:amd64 <none> 1.4.0-11ubuntu2
2025-07-06 20:39:34 status half-installed libpam-modules:amd64 1.4.0-11ubuntu2
2025-07-06 20:39:35 status unpacked libpam-modules:amd64 1.4.0-11ubuntu2
2025-07-06 20:39:35 install libpam-modules-bin:amd64 <none> 1.4.0-11ubuntu2
2025-07-06 20:39:35 status half-installed libpam-modules-bin:amd64 1.4.0-11ubuntu2
2025-07-06 20:39:35 status unpacked libpam-modules-bin:amd64 1.4.0-11ubuntu2
2025-07-06 20:39:35 install libpam-runtime:all <none> 1.4.0-11ubuntu2
2025-07-06 20:39:35 status half-installed libpam-runtime:all 1.4.0-11ubuntu2
2025-07-06 20:39:35 status unpacked libpam-runtime:all 1.4.0-11ubuntu2
2025-07-06 20:39:35 install libpam0g:amd64 <none> 1.4.0-11ubuntu2
2025-07-06 20:39:35 status half-installed libpam0g:amd64 1.4.0-11ubuntu2
2025-07-06 20:39:36 status unpacked libpam0g:amd64 1.4.0-11ubuntu2
2025-07-06 20:39:36 install libpcre2-8-0:amd64 <none> 10.39-3build1
2025-07-06 20:39:36 status half-installed libpcre2-8-0:amd64 10.39-3build1
2025-07-06 20:39:36 status unpacked libpcre2-8-0:amd64 10.39-3build1
2025-07-06 20:39:36 install libpcre3:amd64 <none> 2:8.39-13build5
2025-07-06 20:39:36 status half-installed libpcre3:amd64 2:8.39-13build5
2025-07-06 20:39:36 status unpacked libpcre3:amd64 2:8.39-13build5
2025-07-06 20:39:36 install libprocps8:amd64 <none> 2:3.3.17-6ubuntu2
2025-07-06 20:39:36 status half-installed libprocps8:amd64 2:3.3.17-6ubuntu2
2025-07-06 20:39:37 status unpacked libprocps8:amd64 2:3.3.17-6ubuntu2
2025-07-06 20:39:37 install libselinux1:amd64 <none> 3.3-1build2
2025-07-06 20:39:37 status half-installed libselinux1:amd64 3.3-1build2
2025-07-06 20:39:37 status unpacked libselinux1:amd64 3.3-1build2
2025-07-06 20:39:37 install libsemanage-common:all <none> 3.3-1build2
2025-07-06 20:39:37 status half-installed libsemanage-common:all 3.3-1build2
2025-07-06 20:39:37 status unpacked libsemanage-common:all 3.3-1build2
2025-07-06 20:39:37 install libsemanage2:amd64 <none> 3.3-1build2
2025-07-06 20:39:37 status half-installed libsemanage2:amd64 3.3-1build2
2025-07-06 20:39:37 status unpacked libsemanage2:amd64 3.3-1build2
2025-07-06 20:39:37 install libsepol2:amd64 <none> 3.3-1build1
2025-07-06 20:39:37 status half-installed libsepol2:amd64 3.3-1build1
2025-07-06 20:39:37 status unpacked libsepol2:amd64 3.3-1build1
2025-07-06 20:39:38 install libsmartcols1:amd64 <none> 2.37.2-4ubuntu3
2025-07-06 20:39:38 status half-installed libsmartcols1:amd64 2.37.2-4ubuntu3
2025-07-06 20:39:38 status unpacked libsmartcols1:amd64 2.37.2-4ubuntu3
2025-07-06 20:39:38 install libss2:amd64 <none> 1.46.5-2ubuntu1
2025-07-06 20:39:38 status half-installed libss2:amd64 1.46.5-2ubuntu1
2025-07-06 20:39:38 status unpacked libss2:amd64 1.46.5-2ubuntu1
2025-07-06 20:39:38 install libssl3:amd64 <none> 3.0.2-0ubuntu1
2025-07-06 20:39:38 status half-installed libssl3:amd64 3.0.2-0ubuntu1
2025-07-06 20:39:39 status unpacked libssl3:amd64 3.0.2-0ubuntu1
2025-07-06 20:39:39 install libsystemd0:amd64 <none> 249.11-0ubuntu3
2025-07-06 20:39:39 status half-installed libsystemd0:amd64 249.11-0ubuntu3
2025-07-06 20:39:39 status unpacked libsystemd0:amd64 249.11-0ubuntu3
2025-07-06 20:39:39 install libtinfo6:amd64 <none> 6.3-2
2025-07-06 20:39:39 status half-installed libtinfo6:amd64 6.3-2
2025-07-06 20:39:39 status unpacked libtinfo6:amd64 6.3-2
2025-07-06 20:39:39 install libtirpc-common:all <none> 1.3.2-2build1
2025-07-06 20:39:39 status half-installed libtirpc-common:all 1.3.2-2build1
2025-07-06 20:39:39 status unpacked libtirpc-common:all 1.3.2-2build1
2025-07-06 20:39:40 install libtirpc3:amd64 <none> 1.3.2-2build1
2025-07-06 20:39:40 status half-installed libtirpc3:amd64 1.3.2-2build1
2025-07-06 20:39:40 status unpacked libtirpc3:amd64 1.3.2-2build1
2025-07-06 20:39:40 install libudev1:amd64 <none> 249.11-0ubuntu3
2025-07-06 20:39:40 status half-installed libudev1:amd64 249.11-0ubuntu3
2025-07-06 20:39:40 status unpacked libudev1:amd64 249.11-0ubuntu3
2025-07-06 20:39:40 install libuuid1:amd64 <none> 2.37.2-4ubuntu3
2025-07-06 20:39:40 status half-installed libuuid1:amd64 2.37.2-4ubuntu3
2025-07-06 20:39:40 status unpacked libuuid1:amd64 2.37.2-4ubuntu3
2025-07-06 20:39:40 install libzstd1:amd64 <none> 1.4.8+dfsg-3build1
2025-07-06 20:39:40 status half-installed libzstd1:amd64 1.4.8+dfsg-3build1
2025-07-06 20:39:40 status unpacked libzstd1:amd64 1.4.8+dfsg-3build1
2025-07-06 20:39:40 install login:amd64 <none> 1:4.8.1-2ubuntu2
2025-07-06 20:39:40 status half-installed login:amd64 1:4.8.1-2ubuntu2
2025-07-06 20:39:41 status unpacked login:amd64 1:4.8.1-2ubuntu2
2025-07-06 20:39:41 install logsave:amd64 <none> 1.46.5-2ubuntu1
2025-07-06 20:39:41 status half-installed logsave:amd64 1.46.5-2ubuntu1
2025-07-06 20:39:41 status unpacked logsave:amd64 1.46.5-2ubuntu1
2025-07-06 20:39:41 install lsb-base:all <none> 11.1.0ubuntu4
2025-07-06 20:39:41 status half-installed lsb-base:all 11.1.0ubuntu4
2025-07-06 20:39:41 status unpacked lsb-base:all 11.1.0ubuntu4
2025-07-06 20:39:41 upgrade mawk:amd64 1.3.4.20200120-3 1.3.4.20200120-3
2025-07-06 20:39:41 status half-configured mawk:amd64 1.3.4.20200120-3
2025-07-06 20:39:41 status unpacked mawk:amd64 1.3.4.20200120-3
2025-07-06 20:39:41 status half-installed mawk:amd64 1.3.4.20200120-3
2025-07-06 20:39:42 status unpacked mawk:amd64 1.3.4.20200120-3
2025-07-06 20:39:42 install mount:amd64 <none> 2.37.2-4ubuntu3
2025-07-06 20:39:42 status half-installed mount:amd64 2.37.2-4ubuntu3
2025-07-06 20:39:42 status unpacked mount:amd64 2.37.2-4ubuntu3
2025-07-06 20:39:42 install ncurses-base:all <none> 6.3-2
2025-07-06 20:39:42 status half-installed ncurses-base:all 6.3-2
2025-07-06 20:39:42 status unpacked ncurses-base:all 6.3-2
2025-07-06 20:39:42 install ncurses-bin:amd64 <none> 6.3-2
2025-07-06 20:39:42 status half-installed ncurses-bin:amd64 6.3-2
2025-07-06 20:39:42 status unpacked ncurses-bin:amd64 6.3-2
2025-07-06 20:39:42 install passwd:amd64 <none> 1:4.8.1-2ubuntu2
2025-07-06 20:39:42 status half-installed passwd:amd64 1:4.8.1-2ubuntu2
2025-07-06 20:39:43 status unpacked passwd:amd64 1:4.8.1-2ubuntu2
2025-07-06 20:39:43 upgrade perl-base:amd64 5.34.0-3ubuntu1 5.34.0-3ubuntu1
2025-07-06 20:39:43 status half-configured perl-base:amd64 5.34.0-3ubuntu1
2025-07-06 20:39:43 status unpacked perl-base:amd64 5.34.0-3ubuntu1
2025-07-06 20:39:43 status half-installed perl-base:amd64 5.34.0-3ubuntu1
2025-07-06 20:39:45 status unpacked perl-base:amd64 5.34.0-3ubuntu1
2025-07-06 20:39:45 install procps:amd64 <none> 2:3.3.17-6ubuntu2
2025-07-06 20:39:45 status half-installed procps:amd64 2:3.3.17-6ubuntu2
2025-07-06 20:39:45 status unpacked procps:amd64 2:3.3.17-6ubuntu2
2025-07-06 20:39:46 install sed:amd64 <none> 4.8-1ubuntu2
2025-07-06 20:39:46 status half-installed sed:amd64 4.8-1ubuntu2
2025-07-06 20:39:46 status unpacked sed:amd64 4.8-1ubuntu2
2025-07-06 20:39:46 install sensible-utils:all <none> 0.0.17
2025-07-06 20:39:46 status half-installed sensible-utils:all 0.0.17
2025-07-06 20:39:46 status unpacked sensible-utils:all 0.0.17
2025-07-06 20:39:46 install sysvinit-utils:amd64 <none> 3.01-1ubuntu1
2025-07-06 20:39:46 status half-installed sysvinit-utils:amd64 3.01-1ubuntu1
2025-07-06 20:39:46 status unpacked sysvinit-utils:amd64 3.01-1ubuntu1
2025-07-06 20:39:46 install tar:amd64 <none> 1.34+dfsg-1build3
2025-07-06 20:39:46 status half-installed tar:amd64 1.34+dfsg-1build3
2025-07-06 20:39:46 status unpacked tar:amd64 1.34+dfsg-1build3
2025-07-06 20:39:46 install usrmerge:all <none> 25ubuntu2
2025-07-06 20:39:46 status half-installed usrmerge:all 25ubuntu2
2025-07-06 20:39:47 status unpacked usrmerge:all 25ubuntu2
2025-07-06 20:39:47 install util-linux:amd64 <none> 2.37.2-4ubuntu3
2025-07-06 20:39:47 status half-installed util-linux:amd64 2.37.2-4ubuntu3
2025-07-06 20:39:47 status unpacked util-linux:amd64 2.37.2-4ubuntu3
2025-07-06 20:39:47 install zlib1g:amd64 <none> 1:1.2.11.dfsg-2ubuntu9
2025-07-06 20:39:47 status half-installed zlib1g:amd64 1:1.2.11.dfsg-2ubuntu9
2025-07-06 20:39:47 status unpacked zlib1g:amd64 1:1.2.11.dfsg-2ubuntu9
2025-07-06 20:39:48 startup packages configure
2025-07-06 20:39:48 configure lsb-base:all 11.1.0ubuntu4 <none>
2025-07-06 20:39:48 status unpacked lsb-base:all 11.1.0ubuntu4
2025-07-06 20:39:48 status half-configured lsb-base:all 11.1.0ubuntu4
2025-07-06 20:39:48 status installed lsb-base:all 11.1.0ubuntu4
2025-07-06 20:39:48 configure libtirpc-common:all 1.3.2-2build1 <none>
2025-07-06 20:39:48 status unpacked libtirpc-common:all 1.3.2-2build1
2025-07-06 20:39:48 status half-configured libtirpc-common:all 1.3.2-2build1
2025-07-06 20:39:48 status installed libtirpc-common:all 1.3.2-2build1
2025-07-06 20:39:48 configure libaudit-common:all 1:3.0.7-1build1 <none>
2025-07-06 20:39:48 status unpacked libaudit-common:all 1:3.0.7-1build1
2025-07-06 20:39:48 status half-configured libaudit-common:all 1:3.0.7-1build1
2025-07-06 20:39:48 status installed libaudit-common:all 1:3.0.7-1build1
2025-07-06 20:39:48 configure libsemanage-common:all 3.3-1build2 <none>
2025-07-06 20:39:48 status unpacked libsemanage-common:all 3.3-1build2
2025-07-06 20:39:48 status half-configured libsemanage-common:all 3.3-1build2
2025-07-06 20:39:48 status installed libsemanage-common:all 3.3-1build2
2025-07-06 20:39:48 configure gcc-12-base:amd64 12-20220319-1ubuntu1 <none>
2025-07-06 20:39:48 status unpacked gcc-12-base:amd64 12-20220319-1ubuntu1
2025-07-06 20:39:48 status half-configured gcc-12-base:amd64 12-20220319-1ubuntu1
2025-07-06 20:39:48 status installed gcc-12-base:amd64 12-20220319-1ubuntu1
2025-07-06 20:39:48 configure ncurses-base:all 6.3-2 <none>
2025-07-06 20:39:48 status unpacked ncurses-base:all 6.3-2
2025-07-06 20:39:48 status half-configured ncurses-base:all 6.3-2
2025-07-06 20:39:48 status installed ncurses-base:all 6.3-2
2025-07-06 20:39:48 configure sensible-utils:all 0.0.17 <none>
2025-07-06 20:39:48 status unpacked sensible-utils:all 0.0.17
2025-07-06 20:39:48 status half-configured sensible-utils:all 0.0.17
2025-07-06 20:39:48 status installed sensible-utils:all 0.0.17
2025-07-06 20:39:48 configure libcrypt1:amd64 1:4.4.27-1 <none>
2025-07-06 20:39:48 status unpacked libcrypt1:amd64 1:4.4.27-1
2025-07-06 20:39:48 status half-configured libcrypt1:amd64 1:4.4.27-1
2025-07-06 20:39:48 status installed libcrypt1:amd64 1:4.4.27-1
2025-07-06 20:39:48 configure libgcc-s1:amd64 12-20220319-1ubuntu1 <none>
2025-07-06 20:39:48 status unpacked libgcc-s1:amd64 12-20220319-1ubuntu1
2025-07-06 20:39:48 status half-configured libgcc-s1:amd64 12-20220319-1ubuntu1
2025-07-06 20:39:48 status installed libgcc-s1:amd64 12-20220319-1ubuntu1
2025-07-06 20:39:48 configure libc6:amd64 2.35-0ubuntu3 <none>
2025-07-06 20:39:48 status unpacked libc6:amd64 2.35-0ubuntu3
2025-07-06 20:39:48 status half-configured libc6:amd64 2.35-0ubuntu3
2025-07-06 20:39:48 status installed libc6:amd64 2.35-0ubuntu3
2025-07-06 20:39:48 configure libudev1:amd64 249.11-0ubuntu3 <none>
2025-07-06 20:39:48 status unpacked libudev1:amd64 249.11-0ubuntu3
2025-07-06 20:39:49 status half-configured libudev1:amd64 249.11-0ubuntu3
2025-07-06 20:39:49 status installed libudev1:amd64 249.11-0ubuntu3
2025-07-06 20:39:49 configure libattr1:amd64 1:2.5.1-1build1 <none>
2025-07-06 20:39:49 status unpacked libattr1:amd64 1:2.5.1-1build1
2025-07-06 20:39:49 status half-configured libattr1:amd64 1:2.5.1-1build1
2025-07-06 20:39:49 status installed libattr1:amd64 1:2.5.1-1build1
2025-07-06 20:39:49 configure sysvinit-utils:amd64 3.01-1ubuntu1 <none>
2025-07-06 20:39:49 status unpacked sysvinit-utils:amd64 3.01-1ubuntu1
2025-07-06 20:39:49 status half-configured sysvinit-utils:amd64 3.01-1ubuntu1
2025-07-06 20:39:49 status installed sysvinit-utils:amd64 3.01-1ubuntu1
2025-07-06 20:39:49 configure debianutils:amd64 5.5-1ubuntu2 <none>
2025-07-06 20:39:49 status unpacked debianutils:amd64 5.5-1ubuntu2
2025-07-06 20:39:49 status half-configured debianutils:amd64 5.5-1ubuntu2
2025-07-06 20:39:49 status installed debianutils:amd64 5.5-1ubuntu2
2025-07-06 20:39:49 configure mawk:amd64 1.3.4.20200120-3 <none>
2025-07-06 20:39:49 status unpacked mawk:amd64 1.3.4.20200120-3
2025-07-06 20:39:49 status half-configured mawk:amd64 1.3.4.20200120-3
2025-07-06 20:39:49 status installed mawk:amd64 1.3.4.20200120-3
2025-07-06 20:39:49 configure libdebconfclient0:amd64 0.261ubuntu1 <none>
2025-07-06 20:39:49 status unpacked libdebconfclient0:amd64 0.261ubuntu1
2025-07-06 20:39:49 status half-configured libdebconfclient0:amd64 0.261ubuntu1
2025-07-06 20:39:49 status installed libdebconfclient0:amd64 0.261ubuntu1
2025-07-06 20:39:49 configure base-files:amd64 12ubuntu4 <none>
2025-07-06 20:39:49 status unpacked base-files:amd64 12ubuntu4
2025-07-06 20:39:49 status half-configured base-files:amd64 12ubuntu4
2025-07-06 20:39:50 status installed base-files:amd64 12ubuntu4
2025-07-06 20:39:50 configure libbz2-1.0:amd64 1.0.8-5build1 <none>
2025-07-06 20:39:50 status unpacked libbz2-1.0:amd64 1.0.8-5build1
2025-07-06 20:39:50 status half-configured libbz2-1.0:amd64 1.0.8-5build1
2025-07-06 20:39:50 status installed libbz2-1.0:amd64 1.0.8-5build1
2025-07-06 20:39:50 configure base-passwd:amd64 3.5.52build1 <none>
2025-07-06 20:39:50 status unpacked base-passwd:amd64 3.5.52build1
2025-07-06 20:39:50 status half-configured base-passwd:amd64 3.5.52build1
2025-07-06 20:39:50 status installed base-passwd:amd64 3.5.52build1
2025-07-06 20:39:50 configure libdb5.3:amd64 5.3.28+dfsg1-0.8ubuntu3 <none>
2025-07-06 20:39:50 status unpacked libdb5.3:amd64 5.3.28+dfsg1-0.8ubuntu3
2025-07-06 20:39:50 status half-configured libdb5.3:amd64 5.3.28+dfsg1-0.8ubuntu3
2025-07-06 20:39:50 status installed libdb5.3:amd64 5.3.28+dfsg1-0.8ubuntu3
2025-07-06 20:39:50 configure libblkid1:amd64 2.37.2-4ubuntu3 <none>
2025-07-06 20:39:50 status unpacked libblkid1:amd64 2.37.2-4ubuntu3
2025-07-06 20:39:50 status half-configured libblkid1:amd64 2.37.2-4ubuntu3
2025-07-06 20:39:50 status installed libblkid1:amd64 2.37.2-4ubuntu3
2025-07-06 20:39:50 configure libtinfo6:amd64 6.3-2 <none>
2025-07-06 20:39:50 status unpacked libtinfo6:amd64 6.3-2
2025-07-06 20:39:50 status half-configured libtinfo6:amd64 6.3-2
2025-07-06 20:39:50 status installed libtinfo6:amd64 6.3-2
2025-07-06 20:39:50 configure bash:amd64 5.1-6ubuntu1 <none>
2025-07-06 20:39:50 status unpacked bash:amd64 5.1-6ubuntu1
2025-07-06 20:39:50 status half-configured bash:amd64 5.1-6ubuntu1
2025-07-06 20:39:50 status installed bash:amd64 5.1-6ubuntu1
2025-07-06 20:39:50 configure libzstd1:amd64 1.4.8+dfsg-3build1 <none>
2025-07-06 20:39:50 status unpacked libzstd1:amd64 1.4.8+dfsg-3build1
2025-07-06 20:39:50 status half-configured libzstd1:amd64 1.4.8+dfsg-3build1
2025-07-06 20:39:50 status installed libzstd1:amd64 1.4.8+dfsg-3build1
2025-07-06 20:39:50 configure libkeyutils1:amd64 1.6.1-2ubuntu3 <none>
2025-07-06 20:39:50 status unpacked libkeyutils1:amd64 1.6.1-2ubuntu3
2025-07-06 20:39:51 status half-configured libkeyutils1:amd64 1.6.1-2ubuntu3
2025-07-06 20:39:51 status installed libkeyutils1:amd64 1.6.1-2ubuntu3
2025-07-06 20:39:51 configure liblzma5:amd64 5.2.5-2ubuntu1 <none>
2025-07-06 20:39:51 status unpacked liblzma5:amd64 5.2.5-2ubuntu1
2025-07-06 20:39:51 status half-configured liblzma5:amd64 5.2.5-2ubuntu1
2025-07-06 20:39:51 status installed liblzma5:amd64 5.2.5-2ubuntu1
2025-07-06 20:39:51 configure libgpg-error0:amd64 1.43-3 <none>
2025-07-06 20:39:51 status unpacked libgpg-error0:amd64 1.43-3
2025-07-06 20:39:51 status half-configured libgpg-error0:amd64 1.43-3
2025-07-06 20:39:51 status installed libgpg-error0:amd64 1.43-3
2025-07-06 20:39:51 configure liblz4-1:amd64 1.9.3-2build2 <none>
2025-07-06 20:39:51 status unpacked liblz4-1:amd64 1.9.3-2build2
2025-07-06 20:39:51 status half-configured liblz4-1:amd64 1.9.3-2build2
2025-07-06 20:39:51 status installed liblz4-1:amd64 1.9.3-2build2
2025-07-06 20:39:51 configure libc-bin:amd64 2.35-0ubuntu3 <none>
2025-07-06 20:39:51 status unpacked libc-bin:amd64 2.35-0ubuntu3
2025-07-06 20:39:51 status half-configured libc-bin:amd64 2.35-0ubuntu3
2025-07-06 20:39:51 status installed libc-bin:amd64 2.35-0ubuntu3
2025-07-06 20:39:51 configure ncurses-bin:amd64 6.3-2 <none>
2025-07-06 20:39:51 status unpacked ncurses-bin:amd64 6.3-2
2025-07-06 20:39:51 status half-configured ncurses-bin:amd64 6.3-2
2025-07-06 20:39:51 status installed ncurses-bin:amd64 6.3-2
2025-07-06 20:39:51 configure libacl1:amd64 2.3.1-1 <none>
2025-07-06 20:39:51 status triggers-pending libc-bin:amd64 2.35-0ubuntu3
2025-07-06 20:39:51 status unpacked libacl1:amd64 2.3.1-1
2025-07-06 20:39:51 status half-configured libacl1:amd64 2.3.1-1
2025-07-06 20:39:51 status installed libacl1:amd64 2.3.1-1
2025-07-06 20:39:51 configure libsmartcols1:amd64 2.37.2-4ubuntu3 <none>
2025-07-06 20:39:51 status unpacked libsmartcols1:amd64 2.37.2-4ubuntu3
2025-07-06 20:39:51 status half-configured libsmartcols1:amd64 2.37.2-4ubuntu3
2025-07-06 20:39:51 status installed libsmartcols1:amd64 2.37.2-4ubuntu3
2025-07-06 20:39:51 configure libgcrypt20:amd64 1.9.4-3ubuntu3 <none>
2025-07-06 20:39:51 status unpacked libgcrypt20:amd64 1.9.4-3ubuntu3
2025-07-06 20:39:51 status half-configured libgcrypt20:amd64 1.9.4-3ubuntu3
2025-07-06 20:39:51 status installed libgcrypt20:amd64 1.9.4-3ubuntu3
2025-07-06 20:39:51 configure zlib1g:amd64 1:1.2.11.dfsg-2ubuntu9 <none>
2025-07-06 20:39:51 status unpacked zlib1g:amd64 1:1.2.11.dfsg-2ubuntu9
2025-07-06 20:39:51 status half-configured zlib1g:amd64 1:1.2.11.dfsg-2ubuntu9
2025-07-06 20:39:51 status installed zlib1g:amd64 1:1.2.11.dfsg-2ubuntu9
2025-07-06 20:39:51 configure libcom-err2:amd64 1.46.5-2ubuntu1 <none>
2025-07-06 20:39:51 status unpacked libcom-err2:amd64 1.46.5-2ubuntu1
2025-07-06 20:39:51 status half-configured libcom-err2:amd64 1.46.5-2ubuntu1
2025-07-06 20:39:51 status installed libcom-err2:amd64 1.46.5-2ubuntu1
2025-07-06 20:39:51 configure diffutils:amd64 1:3.8-0ubuntu2 <none>
2025-07-06 20:39:51 status unpacked diffutils:amd64 1:3.8-0ubuntu2
2025-07-06 20:39:51 status half-configured diffutils:amd64 1:3.8-0ubuntu2
2025-07-06 20:39:51 status installed diffutils:amd64 1:3.8-0ubuntu2
2025-07-06 20:39:51 configure libcap2:amd64 1:2.44-1build3 <none>
2025-07-06 20:39:51 status unpacked libcap2:amd64 1:2.44-1build3
2025-07-06 20:39:51 status half-configured libcap2:amd64 1:2.44-1build3
2025-07-06 20:39:51 status installed libcap2:amd64 1:2.44-1build3
2025-07-06 20:39:51 configure libkrb5support0:amd64 1.19.2-2 <none>
2025-07-06 20:39:51 status unpacked libkrb5support0:amd64 1.19.2-2
2025-07-06 20:39:51 status half-configured libkrb5support0:amd64 1.19.2-2
2025-07-06 20:39:51 status installed libkrb5support0:amd64 1.19.2-2
2025-07-06 20:39:51 configure hostname:amd64 3.23ubuntu2 <none>
2025-07-06 20:39:51 status unpacked hostname:amd64 3.23ubuntu2
2025-07-06 20:39:51 status half-configured hostname:amd64 3.23ubuntu2
2025-07-06 20:39:51 status installed hostname:amd64 3.23ubuntu2
2025-07-06 20:39:51 configure libpcre3:amd64 2:8.39-13build5 <none>
2025-07-06 20:39:51 status unpacked libpcre3:amd64 2:8.39-13build5
2025-07-06 20:39:51 status half-configured libpcre3:amd64 2:8.39-13build5
2025-07-06 20:39:51 status installed libpcre3:amd64 2:8.39-13build5
2025-07-06 20:39:51 configure libcap-ng0:amd64 0.7.9-2.2build3 <none>
2025-07-06 20:39:51 status unpacked libcap-ng0:amd64 0.7.9-2.2build3
2025-07-06 20:39:51 status half-configured libcap-ng0:amd64 0.7.9-2.2build3
2025-07-06 20:39:51 status installed libcap-ng0:amd64 0.7.9-2.2build3
2025-07-06 20:39:52 configure libext2fs2:amd64 1.46.5-2ubuntu1 <none>
2025-07-06 20:39:52 status unpacked libext2fs2:amd64 1.46.5-2ubuntu1
2025-07-06 20:39:52 status half-configured libext2fs2:amd64 1.46.5-2ubuntu1
2025-07-06 20:39:52 status installed libext2fs2:amd64 1.46.5-2ubuntu1
2025-07-06 20:39:52 configure libgmp10:amd64 2:6.2.1+dfsg-3ubuntu1 <none>
2025-07-06 20:39:52 status unpacked libgmp10:amd64 2:6.2.1+dfsg-3ubuntu1
2025-07-06 20:39:52 status half-configured libgmp10:amd64 2:6.2.1+dfsg-3ubuntu1
2025-07-06 20:39:52 status installed libgmp10:amd64 2:6.2.1+dfsg-3ubuntu1
2025-07-06 20:39:52 configure libncurses6:amd64 6.3-2 <none>
2025-07-06 20:39:52 status unpacked libncurses6:amd64 6.3-2
2025-07-06 20:39:52 status half-configured libncurses6:amd64 6.3-2
2025-07-06 20:39:52 status installed libncurses6:amd64 6.3-2
2025-07-06 20:39:52 configure libaudit1:amd64 1:3.0.7-1build1 <none>
2025-07-06 20:39:52 status unpacked libaudit1:amd64 1:3.0.7-1build1
2025-07-06 20:39:52 status half-configured libaudit1:amd64 1:3.0.7-1build1
2025-07-06 20:39:52 status installed libaudit1:amd64 1:3.0.7-1build1
2025-07-06 20:39:52 configure libuuid1:amd64 2.37.2-4ubuntu3 <none>
2025-07-06 20:39:52 status unpacked libuuid1:amd64 2.37.2-4ubuntu3
2025-07-06 20:39:52 status half-configured libuuid1:amd64 2.37.2-4ubuntu3
2025-07-06 20:39:52 status installed libuuid1:amd64 2.37.2-4ubuntu3
2025-07-06 20:39:52 configure libss2:amd64 1.46.5-2ubuntu1 <none>
2025-07-06 20:39:52 status unpacked libss2:amd64 1.46.5-2ubuntu1
2025-07-06 20:39:52 status half-configured libss2:amd64 1.46.5-2ubuntu1
2025-07-06 20:39:52 status installed libss2:amd64 1.46.5-2ubuntu1
2025-07-06 20:39:52 configure libsepol2:amd64 3.3-1build1 <none>
2025-07-06 20:39:52 status unpacked libsepol2:amd64 3.3-1build1
2025-07-06 20:39:52 status half-configured libsepol2:amd64 3.3-1build1
2025-07-06 20:39:52 status installed libsepol2:amd64 3.3-1build1
2025-07-06 20:39:52 configure libpcre2-8-0:amd64 10.39-3build1 <none>
2025-07-06 20:39:52 status unpacked libpcre2-8-0:amd64 10.39-3build1
2025-07-06 20:39:52 status half-configured libpcre2-8-0:amd64 10.39-3build1
2025-07-06 20:39:52 status installed libpcre2-8-0:amd64 10.39-3build1
2025-07-06 20:39:52 configure libncursesw6:amd64 6.3-2 <none>
2025-07-06 20:39:52 status unpacked libncursesw6:amd64 6.3-2
2025-07-06 20:39:52 status half-configured libncursesw6:amd64 6.3-2
2025-07-06 20:39:52 status installed libncursesw6:amd64 6.3-2
2025-07-06 20:39:50 configure libk5crypto3:amd64 1.19.2-2 <none>
2025-07-06 20:39:50 status unpacked libk5crypto3:amd64 1.19.2-2
2025-07-06 20:39:50 status half-configured libk5crypto3:amd64 1.19.2-2
2025-07-06 20:39:50 status installed libk5crypto3:amd64 1.19.2-2
2025-07-06 20:39:50 configure logsave:amd64 1.46.5-2ubuntu1 <none>
2025-07-06 20:39:50 status unpacked logsave:amd64 1.46.5-2ubuntu1
2025-07-06 20:39:50 status half-configured logsave:amd64 1.46.5-2ubuntu1
2025-07-06 20:39:50 status installed logsave:amd64 1.46.5-2ubuntu1
2025-07-06 20:39:50 configure e2fsprogs:amd64 1.46.5-2ubuntu1 <none>
2025-07-06 20:39:50 status unpacked e2fsprogs:amd64 1.46.5-2ubuntu1
2025-07-06 20:39:50 status half-configured e2fsprogs:amd64 1.46.5-2ubuntu1
2025-07-06 20:39:50 status installed e2fsprogs:amd64 1.46.5-2ubuntu1
2025-07-06 20:39:51 configure libsystemd0:amd64 249.11-0ubuntu3 <none>
2025-07-06 20:39:51 status unpacked libsystemd0:amd64 249.11-0ubuntu3
2025-07-06 20:39:51 status half-configured libsystemd0:amd64 249.11-0ubuntu3
2025-07-06 20:39:51 status installed libsystemd0:amd64 249.11-0ubuntu3
2025-07-06 20:39:51 configure libselinux1:amd64 3.3-1build2 <none>
2025-07-06 20:39:51 status unpacked libselinux1:amd64 3.3-1build2
2025-07-06 20:39:51 status half-configured libselinux1:amd64 3.3-1build2
2025-07-06 20:39:51 status installed libselinux1:amd64 3.3-1build2
2025-07-06 20:39:51 configure sed:amd64 4.8-1ubuntu2 <none>
2025-07-06 20:39:51 status unpacked sed:amd64 4.8-1ubuntu2
2025-07-06 20:39:51 status half-configured sed:amd64 4.8-1ubuntu2
2025-07-06 20:39:51 status installed sed:amd64 4.8-1ubuntu2
2025-07-06 20:39:51 configure findutils:amd64 4.8.0-1ubuntu3 <none>
2025-07-06 20:39:51 status unpacked findutils:amd64 4.8.0-1ubuntu3
2025-07-06 20:39:51 status half-configured findutils:amd64 4.8.0-1ubuntu3
2025-07-06 20:39:51 status installed findutils:amd64 4.8.0-1ubuntu3
2025-07-06 20:39:51 configure libmount1:amd64 2.37.2-4ubuntu3 <none>
2025-07-06 20:39:51 status unpacked libmount1:amd64 2.37.2-4ubuntu3
2025-07-06 20:39:51 status half-configured libmount1:amd64 2.37.2-4ubuntu3
2025-07-06 20:39:51 status installed libmount1:amd64 2.37.2-4ubuntu3
2025-07-06 20:39:51 configure libsemanage2:amd64 3.3-1build2 <none>
2025-07-06 20:39:51 status unpacked libsemanage2:amd64 3.3-1build2
2025-07-06 20:39:51 status half-configured libsemanage2:amd64 3.3-1build2
2025-07-06 20:39:51 status installed libsemanage2:amd64 3.3-1build2
2025-07-06 20:39:51 configure libprocps8:amd64 2:3.3.17-6ubuntu2 <none>
2025-07-06 20:39:51 status unpacked libprocps8:amd64 2:3.3.17-6ubuntu2
2025-07-06 20:39:51 status half-configured libprocps8:amd64 2:3.3.17-6ubuntu2
2025-07-06 20:39:51 status installed libprocps8:amd64 2:3.3.17-6ubuntu2
2025-07-06 20:39:51 configure bsdutils:amd64 1:2.37.2-4ubuntu3 <none>
2025-07-06 20:39:51 status unpacked bsdutils:amd64 1:2.37.2-4ubuntu3
2025-07-06 20:39:51 status half-configured bsdutils:amd64 1:2.37.2-4ubuntu3
2025-07-06 20:39:51 status installed bsdutils:amd64 1:2.37.2-4ubuntu3
2025-07-06 20:39:51 configure tar:amd64 1.34+dfsg-1build3 <none>
2025-07-06 20:39:51 status unpacked tar:amd64 1.34+dfsg-1build3
2025-07-06 20:39:51 status half-configured tar:amd64 1.34+dfsg-1build3
2025-07-06 20:39:51 status installed tar:amd64 1.34+dfsg-1build3
2025-07-06 20:39:51 configure coreutils:amd64 8.32-4.1ubuntu1 <none>
2025-07-06 20:39:51 status unpacked coreutils:amd64 8.32-4.1ubuntu1
2025-07-06 20:39:51 status half-configured coreutils:amd64 8.32-4.1ubuntu1
2025-07-06 20:39:51 status installed coreutils:amd64 8.32-4.1ubuntu1
2025-07-06 20:39:51 configure dpkg:amd64 1.21.1ubuntu2 <none>
2025-07-06 20:39:51 status unpacked dpkg:amd64 1.21.1ubuntu2
2025-07-06 20:39:51 status half-configured dpkg:amd64 1.21.1ubuntu2
2025-07-06 20:39:51 status installed dpkg:amd64 1.21.1ubuntu2
2025-07-06 20:39:51 configure mount:amd64 2.37.2-4ubuntu3 <none>
2025-07-06 20:39:51 status unpacked mount:amd64 2.37.2-4ubuntu3
2025-07-06 20:39:51 status half-configured mount:amd64 2.37.2-4ubuntu3
2025-07-06 20:39:51 status installed mount:amd64 2.37.2-4ubuntu3
2025-07-06 20:39:51 configure grep:amd64 3.7-1build1 <none>
2025-07-06 20:39:51 status unpacked grep:amd64 3.7-1build1
2025-07-06 20:39:51 status half-configured grep:amd64 3.7-1build1
2025-07-06 20:39:51 status installed grep:amd64 3.7-1build1
2025-07-06 20:39:51 configure perl-base:amd64 5.34.0-3ubuntu1 <none>
2025-07-06 20:39:51 status unpacked perl-base:amd64 5.34.0-3ubuntu1
2025-07-06 20:39:51 status half-configured perl-base:amd64 5.34.0-3ubuntu1
2025-07-06 20:39:51 status installed perl-base:amd64 5.34.0-3ubuntu1
2025-07-06 20:39:51 configure init-system-helpers:all 1.62 <none>
2025-07-06 20:39:51 status unpacked init-system-helpers:all 1.62
2025-07-06 20:39:51 status half-configured init-system-helpers:all 1.62
2025-07-06 20:39:51 status installed init-system-helpers:all 1.62
2025-07-06 20:39:51 configure gzip:amd64 1.10-4ubuntu4 <none>
2025-07-06 20:39:51 status unpacked gzip:amd64 1.10-4ubuntu4
2025-07-06 20:39:51 status half-configured gzip:amd64 1.10-4ubuntu4
2025-07-06 20:39:51 status installed gzip:amd64 1.10-4ubuntu4
2025-07-06 20:39:51 configure usrmerge:all 25ubuntu2 <none>
2025-07-06 20:39:51 status unpacked usrmerge:all 25ubuntu2
2025-07-06 20:39:51 status half-configured usrmerge:all 25ubuntu2
2025-07-06 20:39:51 status installed usrmerge:all 25ubuntu2
2025-07-06 20:39:51 configure procps:amd64 2:3.3.17-6ubuntu2 <none>
2025-07-06 20:39:51 status unpacked procps:amd64 2:3.3.17-6ubuntu2
2025-07-06 20:39:52 status half-configured procps:amd64 2:3.3.17-6ubuntu2
2025-07-06 20:39:52 status installed procps:amd64 2:3.3.17-6ubuntu2
2025-07-06 20:39:52 configure debconf:all 1.5.79ubuntu1 <none>
2025-07-06 20:39:52 status unpacked debconf:all 1.5.79ubuntu1
2025-07-06 20:39:52 status half-configured debconf:all 1.5.79ubuntu1
2025-07-06 20:39:52 status installed debconf:all 1.5.79ubuntu1
2025-07-06 20:39:52 configure libpam0g:amd64 1.4.0-11ubuntu2 <none>
2025-07-06 20:39:52 status unpacked libpam0g:amd64 1.4.0-11ubuntu2
2025-07-06 20:39:52 status half-configured libpam0g:amd64 1.4.0-11ubuntu2
2025-07-06 20:39:52 status installed libpam0g:amd64 1.4.0-11ubuntu2
2025-07-06 20:39:52 configure util-linux:amd64 2.37.2-4ubuntu3 <none>
2025-07-06 20:39:52 status unpacked util-linux:amd64 2.37.2-4ubuntu3
2025-07-06 20:39:52 status half-configured util-linux:amd64 2.37.2-4ubuntu3
2025-07-06 20:39:52 status installed util-linux:amd64 2.37.2-4ubuntu3
2025-07-06 20:39:52 configure dash:amd64 0.5.11+git20210903+057cd650a4ed-3build1 <none>
2025-07-06 20:39:52 status unpacked dash:amd64 0.5.11+git20210903+057cd650a4ed-3build1
2025-07-06 20:39:52 status half-configured dash:amd64 0.5.11+git20210903+057cd650a4ed-3build1
2025-07-06 20:39:52 status installed dash:amd64 0.5.11+git20210903+057cd650a4ed-3build1
2025-07-06 20:39:52 configure libpam-modules-bin:amd64 1.4.0-11ubuntu2 <none>
2025-07-06 20:39:52 status unpacked libpam-modules-bin:amd64 1.4.0-11ubuntu2
2025-07-06 20:39:52 status half-configured libpam-modules-bin:amd64 1.4.0-11ubuntu2
2025-07-06 20:39:52 status installed libpam-modules-bin:amd64 1.4.0-11ubuntu2
2025-07-06 20:39:52 configure libssl3:amd64 3.0.2-0ubuntu1 <none>
2025-07-06 20:39:52 status unpacked libssl3:amd64 3.0.2-0ubuntu1
2025-07-06 20:39:52 status half-configured libssl3:amd64 3.0.2-0ubuntu1
2025-07-06 20:39:52 status installed libssl3:amd64 3.0.2-0ubuntu1
2025-07-06 20:39:52 configure libkrb5-3:amd64 1.19.2-2 <none>
2025-07-06 20:39:52 status unpacked libkrb5-3:amd64 1.19.2-2
2025-07-06 20:39:52 status half-configured libkrb5-3:amd64 1.19.2-2
2025-07-06 20:39:52 status installed libkrb5-3:amd64 1.19.2-2
2025-07-06 20:39:52 configure libgssapi-krb5-2:amd64 1.19.2-2 <none>
2025-07-06 20:39:52 status unpacked libgssapi-krb5-2:amd64 1.19.2-2
2025-07-06 20:39:52 status half-configured libgssapi-krb5-2:amd64 1.19.2-2
2025-07-06 20:39:52 status installed libgssapi-krb5-2:amd64 1.19.2-2
2025-07-06 20:39:52 configure libtirpc3:amd64 1.3.2-2build1 <none>
2025-07-06 20:39:52 status unpacked libtirpc3:amd64 1.3.2-2build1
2025-07-06 20:39:52 status half-configured libtirpc3:amd64 1.3.2-2build1
2025-07-06 20:39:52 status installed libtirpc3:amd64 1.3.2-2build1
2025-07-06 20:39:52 configure libnsl2:amd64 1.3.0-2build2 <none>
2025-07-06 20:39:52 status unpacked libnsl2:amd64 1.3.0-2build2
2025-07-06 20:39:53 status half-configured libnsl2:amd64 1.3.0-2build2
2025-07-06 20:39:53 status installed libnsl2:amd64 1.3.0-2build2
2025-07-06 20:39:53 configure libpam-modules:amd64 1.4.0-11ubuntu2 <none>
2025-07-06 20:39:53 status unpacked libpam-modules:amd64 1.4.0-11ubuntu2
2025-07-06 20:39:53 status half-configured libpam-modules:amd64 1.4.0-11ubuntu2
2025-07-06 20:39:53 status installed libpam-modules:amd64 1.4.0-11ubuntu2
2025-07-06 20:39:53 configure passwd:amd64 1:4.8.1-2ubuntu2 <none>
2025-07-06 20:39:53 status unpacked passwd:amd64 1:4.8.1-2ubuntu2
2025-07-06 20:39:53 status half-configured passwd:amd64 1:4.8.1-2ubuntu2
2025-07-06 20:39:53 status installed passwd:amd64 1:4.8.1-2ubuntu2
2025-07-06 20:39:53 configure libpam-runtime:all 1.4.0-11ubuntu2 <none>
2025-07-06 20:39:53 status unpacked libpam-runtime:all 1.4.0-11ubuntu2
2025-07-06 20:39:53 status half-configured libpam-runtime:all 1.4.0-11ubuntu2
2025-07-06 20:39:53 status installed libpam-runtime:all 1.4.0-11ubuntu2
2025-07-06 20:39:53 configure login:amd64 1:4.8.1-2ubuntu2 <none>
2025-07-06 20:39:53 status unpacked login:amd64 1:4.8.1-2ubuntu2
2025-07-06 20:39:53 status half-configured login:amd64 1:4.8.1-2ubuntu2
2025-07-06 20:39:53 status installed login:amd64 1:4.8.1-2ubuntu2
2025-07-06 20:39:53 trigproc libc-bin:amd64 2.35-0ubuntu3 <none>
2025-07-06 20:39:53 status half-configured libc-bin:amd64 2.35-0ubuntu3
2025-07-06 20:39:53 status installed libc-bin:amd64 2.35-0ubuntu3
2025-07-06 20:39:54 startup archives install
2025-07-06 20:39:54 install adduser:all <none> 3.118ubuntu5
2025-07-06 20:39:54 status half-installed adduser:all 3.118ubuntu5
2025-07-06 20:39:54 status unpacked adduser:all 3.118ubuntu5
2025-07-06 20:39:54 install libapparmor1:amd64 <none> 3.0.4-2ubuntu2
2025-07-06 20:39:54 status triggers-pending libc-bin:amd64 2.35-0ubuntu3
2025-07-06 20:39:54 status half-installed libapparmor1:amd64 3.0.4-2ubuntu2
2025-07-06 20:39:54 status unpacked libapparmor1:amd64 3.0.4-2ubuntu2
2025-07-06 20:39:54 install libargon2-1:amd64 <none> 0~20171227-0.3
2025-07-06 20:39:54 status half-installed libargon2-1:amd64 0~20171227-0.3
2025-07-06 20:39:54 status unpacked libargon2-1:amd64 0~20171227-0.3
2025-07-06 20:39:54 install libcryptsetup12:amd64 <none> 2:2.4.3-1ubuntu1
2025-07-06 20:39:54 status half-installed libcryptsetup12:amd64 2:2.4.3-1ubuntu1
2025-07-06 20:39:54 status unpacked libcryptsetup12:amd64 2:2.4.3-1ubuntu1
2025-07-06 20:39:54 install libdevmapper1.02.1:amd64 <none> 2:1.02.175-2.1ubuntu4
2025-07-06 20:39:54 status half-installed libdevmapper1.02.1:amd64 2:1.02.175-2.1ubuntu4
2025-07-06 20:39:55 status unpacked libdevmapper1.02.1:amd64 2:1.02.175-2.1ubuntu4
2025-07-06 20:39:55 install libffi8:amd64 <none> 3.4.2-4
2025-07-06 20:39:55 status half-installed libffi8:amd64 3.4.2-4
2025-07-06 20:39:55 status unpacked libffi8:amd64 3.4.2-4
2025-07-06 20:39:55 install libgnutls30:amd64 <none> 3.7.3-4ubuntu1
2025-07-06 20:39:55 status half-installed libgnutls30:amd64 3.7.3-4ubuntu1
2025-07-06 20:39:55 status unpacked libgnutls30:amd64 3.7.3-4ubuntu1
2025-07-06 20:39:55 install libhogweed6:amd64 <none> 3.7.3-1build2
2025-07-06 20:39:55 status half-installed libhogweed6:amd64 3.7.3-1build2
2025-07-06 20:39:55 status unpacked libhogweed6:amd64 3.7.3-1build2
2025-07-06 20:39:55 install libidn2-0:amd64 <none> 2.3.2-2build1
2025-07-06 20:39:55 status half-installed libidn2-0:amd64 2.3.2-2build1
2025-07-06 20:39:55 status unpacked libidn2-0:amd64 2.3.2-2build1
2025-07-06 20:39:55 install libip4tc2:amd64 <none> 1.8.7-1ubuntu5
2025-07-06 20:39:55 status half-installed libip4tc2:amd64 1.8.7-1ubuntu5
2025-07-06 20:39:55 status unpacked libip4tc2:amd64 1.8.7-1ubuntu5
2025-07-06 20:39:55 install libjson-c5:amd64 <none> 0.15-2build4
2025-07-06 20:39:55 status half-installed libjson-c5:amd64 0.15-2build4
2025-07-06 20:39:55 status unpacked libjson-c5:amd64 0.15-2build4
2025-07-06 20:39:55 install libkmod2:amd64 <none> 29-1ubuntu1
2025-07-06 20:39:55 status half-installed libkmod2:amd64 29-1ubuntu1
2025-07-06 20:39:55 status unpacked libkmod2:amd64 29-1ubuntu1
2025-07-06 20:39:55 install libnettle8:amd64 <none> 3.7.3-1build2
2025-07-06 20:39:55 status half-installed libnettle8:amd64 3.7.3-1build2
2025-07-06 20:39:55 status unpacked libnettle8:amd64 3.7.3-1build2
2025-07-06 20:39:56 install libp11-kit0:amd64 <none> 0.24.0-6build1
2025-07-06 20:39:56 status half-installed libp11-kit0:amd64 0.24.0-6build1
2025-07-06 20:39:56 status unpacked libp11-kit0:amd64 0.24.0-6build1
2025-07-06 20:39:56 install libseccomp2:amd64 <none> 2.5.3-2ubuntu2
2025-07-06 20:39:56 status half-installed libseccomp2:amd64 2.5.3-2ubuntu2
2025-07-06 20:39:56 status unpacked libseccomp2:amd64 2.5.3-2ubuntu2
2025-07-06 20:39:56 install libtasn1-6:amd64 <none> 4.18.0-4build1
2025-07-06 20:39:56 status half-installed libtasn1-6:amd64 4.18.0-4build1
2025-07-06 20:39:56 status unpacked libtasn1-6:amd64 4.18.0-4build1
2025-07-06 20:39:56 install libunistring2:amd64 <none> 1.0-1
2025-07-06 20:39:56 status half-installed libunistring2:amd64 1.0-1
2025-07-06 20:39:56 status unpacked libunistring2:amd64 1.0-1
2025-07-06 20:39:56 install systemd:amd64 <none> 249.11-0ubuntu3
2025-07-06 20:39:56 status half-installed systemd:amd64 249.11-0ubuntu3
2025-07-06 20:39:57 status unpacked systemd:amd64 249.11-0ubuntu3
2025-07-06 20:39:57 configure adduser:all 3.118ubuntu5 3.118ubuntu5
2025-07-06 20:39:57 status half-configured adduser:all 3.118ubuntu5
2025-07-06 20:39:58 status installed adduser:all 3.118ubuntu5
2025-07-06 20:39:58 configure libapparmor1:amd64 3.0.4-2ubuntu2 3.0.4-2ubuntu2
2025-07-06 20:39:58 status half-configured libapparmor1:amd64 3.0.4-2ubuntu2
2025-07-06 20:39:58 status installed libapparmor1:amd64 3.0.4-2ubuntu2
2025-07-06 20:39:58 configure libargon2-1:amd64 0~20171227-0.3 0~20171227-0.3
2025-07-06 20:39:58 status half-configured libargon2-1:amd64 0~20171227-0.3
2025-07-06 20:39:58 status installed libargon2-1:amd64 0~20171227-0.3
2025-07-06 20:39:58 configure libdevmapper1.02.1:amd64 2:1.02.175-2.1ubuntu4 2:1.02.175-2.1ubuntu4
2025-07-06 20:39:58 status half-configured libdevmapper1.02.1:amd64 2:1.02.175-2.1ubuntu4
2025-07-06 20:39:58 status installed libdevmapper1.02.1:amd64 2:1.02.175-2.1ubuntu4
2025-07-06 20:39:58 configure libffi8:amd64 3.4.2-4 3.4.2-4
2025-07-06 20:39:58 status half-configured libffi8:amd64 3.4.2-4
2025-07-06 20:39:58 status installed libffi8:amd64 3.4.2-4
2025-07-06 20:39:58 configure libip4tc2:amd64 1.8.7-1ubuntu5 1.8.7-1ubuntu5
2025-07-06 20:39:58 status half-configured libip4tc2:amd64 1.8.7-1ubuntu5
2025-07-06 20:39:58 status installed libip4tc2:amd64 1.8.7-1ubuntu5
2025-07-06 20:39:58 configure libjson-c5:amd64 0.15-2build4 0.15-2build4
2025-07-06 20:39:58 status half-configured libjson-c5:amd64 0.15-2build4
2025-07-06 20:39:58 status installed libjson-c5:amd64 0.15-2build4
2025-07-06 20:39:58 configure libkmod2:amd64 29-1ubuntu1 29-1ubuntu1
2025-07-06 20:39:58 status half-configured libkmod2:amd64 29-1ubuntu1
2025-07-06 20:39:58 status installed libkmod2:amd64 29-1ubuntu1
2025-07-06 20:39:58 configure libnettle8:amd64 3.7.3-1build2 3.7.3-1build2
2025-07-06 20:39:58 status half-configured libnettle8:amd64 3.7.3-1build2
2025-07-06 20:39:58 status installed libnettle8:amd64 3.7.3-1build2
2025-07-06 20:39:58 configure libp11-kit0:amd64 0.24.0-6build1 0.24.0-6build1
2025-07-06 20:39:58 status half-configured libp11-kit0:amd64 0.24.0-6build1
2025-07-06 20:39:58 status installed libp11-kit0:amd64 0.24.0-6build1
2025-07-06 20:39:59 configure libseccomp2:amd64 2.5.3-2ubuntu2 2.5.3-2ubuntu2
2025-07-06 20:39:59 status half-configured libseccomp2:amd64 2.5.3-2ubuntu2
2025-07-06 20:39:59 status installed libseccomp2:amd64 2.5.3-2ubuntu2
2025-07-06 20:39:59 configure libtasn1-6:amd64 4.18.0-4build1 4.18.0-4build1
2025-07-06 20:39:59 status half-configured libtasn1-6:amd64 4.18.0-4build1
2025-07-06 20:39:59 status installed libtasn1-6:amd64 4.18.0-4build1
2025-07-06 20:39:59 configure libunistring2:amd64 1.0-1 1.0-1
2025-07-06 20:39:59 status half-configured libunistring2:amd64 1.0-1
2025-07-06 20:39:59 status installed libunistring2:amd64 1.0-1
2025-07-06 20:39:59 configure libcryptsetup12:amd64 2:2.4.3-1ubuntu1 2:2.4.3-1ubuntu1
2025-07-06 20:39:59 status half-configured libcryptsetup12:amd64 2:2.4.3-1ubuntu1
2025-07-06 20:39:59 status installed libcryptsetup12:amd64 2:2.4.3-1ubuntu1
2025-07-06 20:39:59 configure libhogweed6:amd64 3.7.3-1build2 3.7.3-1build2
2025-07-06 20:39:59 status half-configured libhogweed6:amd64 3.7.3-1build2
2025-07-06 20:39:59 status installed libhogweed6:amd64 3.7.3-1build2
2025-07-06 20:39:59 configure libidn2-0:amd64 2.3.2-2build1 2.3.2-2build1
2025-07-06 20:39:59 status half-configured libidn2-0:amd64 2.3.2-2build1
2025-07-06 20:39:59 status installed libidn2-0:amd64 2.3.2-2build1
2025-07-06 20:39:59 configure libgnutls30:amd64 3.7.3-4ubuntu1 3.7.3-4ubuntu1
2025-07-06 20:39:59 status half-configured libgnutls30:amd64 3.7.3-4ubuntu1
2025-07-06 20:39:59 status installed libgnutls30:amd64 3.7.3-4ubuntu1
2025-07-06 20:39:59 configure systemd:amd64 249.11-0ubuntu3 249.11-0ubuntu3
2025-07-06 20:39:59 status half-configured systemd:amd64 249.11-0ubuntu3
2025-07-06 20:40:00 status installed systemd:amd64 249.11-0ubuntu3
2025-07-06 20:40:00 trigproc libc-bin:amd64 2.35-0ubuntu3 <none>
2025-07-06 20:40:00 status half-configured libc-bin:amd64 2.35-0ubuntu3
2025-07-06 20:40:00 status installed libc-bin:amd64 2.35-0ubuntu3
2025-07-06 20:40:00 startup archives unpack
2025-07-06 20:40:00 install apt:amd64 <none> 2.4.5
2025-07-06 20:40:00 status triggers-pending libc-bin:amd64 2.35-0ubuntu3
2025-07-06 20:40:00 status half-installed apt:amd64 2.4.5
2025-07-06 20:40:02 status unpacked apt:amd64 2.4.5
2025-07-06 20:40:02 install gpgv:amd64 <none> 2.2.27-3ubuntu2
2025-07-06 20:40:02 status half-installed gpgv:amd64 2.2.27-3ubuntu2
2025-07-06 20:40:02 status unpacked gpgv:amd64 2.2.27-3ubuntu2
2025-07-06 20:40:02 install libapt-pkg6.0:amd64 <none> 2.4.5
2025-07-06 20:40:02 status half-installed libapt-pkg6.0:amd64 2.4.5
2025-07-06 20:40:02 status unpacked libapt-pkg6.0:amd64 2.4.5
2025-07-06 20:40:03 install libstdc++6:amd64 <none> 12-20220319-1ubuntu1
2025-07-06 20:40:03 status half-installed libstdc++6:amd64 12-20220319-1ubuntu1
2025-07-06 20:40:03 status unpacked libstdc++6:amd64 12-20220319-1ubuntu1
2025-07-06 20:40:03 install libxxhash0:amd64 <none> 0.8.1-1
2025-07-06 20:40:03 status half-installed libxxhash0:amd64 0.8.1-1
2025-07-06 20:40:03 status unpacked libxxhash0:amd64 0.8.1-1
2025-07-06 20:40:03 install systemd-sysv:amd64 <none> 249.11-0ubuntu3
2025-07-06 20:40:03 status half-installed systemd-sysv:amd64 249.11-0ubuntu3
2025-07-06 20:40:04 status unpacked systemd-sysv:amd64 249.11-0ubuntu3
2025-07-06 20:40:04 install ubuntu-keyring:all <none> 2021.03.26
2025-07-06 20:40:04 status half-installed ubuntu-keyring:all 2021.03.26
2025-07-06 20:40:04 status unpacked ubuntu-keyring:all 2021.03.26
2025-07-06 20:40:04 trigproc libc-bin:amd64 2.35-0ubuntu3 <none>
2025-07-06 20:40:04 status half-configured libc-bin:amd64 2.35-0ubuntu3
2025-07-06 20:40:04 status installed libc-bin:amd64 2.35-0ubuntu3
2025-07-06 20:40:04 startup packages configure
2025-07-06 20:40:04 configure systemd-sysv:amd64 249.11-0ubuntu3 <none>
2025-07-06 20:40:04 status unpacked systemd-sysv:amd64 249.11-0ubuntu3
2025-07-06 20:40:04 status half-configured systemd-sysv:amd64 249.11-0ubuntu3
2025-07-06 20:40:04 status installed systemd-sysv:amd64 249.11-0ubuntu3
2025-07-06 20:40:04 configure ubuntu-keyring:all 2021.03.26 <none>
2025-07-06 20:40:04 status unpacked ubuntu-keyring:all 2021.03.26
2025-07-06 20:40:04 status half-configured ubuntu-keyring:all 2021.03.26
2025-07-06 20:40:04 status installed ubuntu-keyring:all 2021.03.26
2025-07-06 20:40:04 configure gpgv:amd64 2.2.27-3ubuntu2 <none>
2025-07-06 20:40:04 status unpacked gpgv:amd64 2.2.27-3ubuntu2
2025-07-06 20:40:04 status half-configured gpgv:amd64 2.2.27-3ubuntu2
2025-07-06 20:40:04 status installed gpgv:amd64 2.2.27-3ubuntu2
2025-07-06 20:40:04 configure libxxhash0:amd64 0.8.1-1 <none>
2025-07-06 20:40:04 status triggers-pending libc-bin:amd64 2.35-0ubuntu3
2025-07-06 20:40:04 status unpacked libxxhash0:amd64 0.8.1-1
2025-07-06 20:40:04 status half-configured libxxhash0:amd64 0.8.1-1
2025-07-06 20:40:04 status installed libxxhash0:amd64 0.8.1-1
2025-07-06 20:40:04 configure libstdc++6:amd64 12-20220319-1ubuntu1 <none>
2025-07-06 20:40:04 status unpacked libstdc++6:amd64 12-20220319-1ubuntu1
2025-07-06 20:40:04 status half-configured libstdc++6:amd64 12-20220319-1ubuntu1
2025-07-06 20:40:04 status installed libstdc++6:amd64 12-20220319-1ubuntu1
2025-07-06 20:40:04 configure libapt-pkg6.0:amd64 2.4.5 <none>
2025-07-06 20:40:04 status unpacked libapt-pkg6.0:amd64 2.4.5
2025-07-06 20:40:04 status half-configured libapt-pkg6.0:amd64 2.4.5
2025-07-06 20:40:04 status installed libapt-pkg6.0:amd64 2.4.5
2025-07-06 20:40:04 configure apt:amd64 2.4.5 <none>
2025-07-06 20:40:04 status unpacked apt:amd64 2.4.5
2025-07-06 20:40:04 status half-configured apt:amd64 2.4.5
2025-07-06 20:40:05 status installed apt:amd64 2.4.5
2025-07-06 20:40:05 trigproc libc-bin:amd64 2.35-0ubuntu3 <none>
2025-07-06 20:40:05 status half-configured libc-bin:amd64 2.35-0ubuntu3
2025-07-06 20:40:05 status installed libc-bin:amd64 2.35-0ubuntu3
