[2025-07-06T13:22:28.536Z] [SUCCESS] [BUILD] 🚀 Iniciando build do SecurityForge Linux 3.1.0 - CyberNinja
[2025-07-06T13:22:28.538Z] [INFO] [GENERAL] ================================================================================
[2025-07-06T13:22:28.540Z] [STEP] [ENVIRONMENT] Iniciando detecção avançada do ambiente...
[2025-07-06T13:22:28.663Z] [WARNING] [ENVIRONMENT] Verificação de espaço em disco pulada em darwin
[2025-07-06T13:22:28.669Z] [SUCCESS] [REQUIREMENTS] Todos os requisitos de build foram atendidos
[2025-07-06T13:22:28.669Z] [SUCCESS] [ENVIRONMENT] Ambiente: macOS Cross-Platform Build
[2025-07-06T13:22:28.670Z] [INFO] [ENVIRONMENT] Hardware: 4 CPUs, 8GB RAM
[2025-07-06T13:22:28.679Z] [INFO] [ENVIRONMENT] Sistema: darwin x64
[2025-07-06T13:22:28.679Z] [INFO] [ENVIRONMENT] Espaço em disco: 45GB disponível
[2025-07-06T13:22:28.680Z] [STEP] [BUILD] 🏗️ Criando estrutura completa...
[2025-07-06T13:22:28.687Z] [STEP] [STRUCTURE] Criando estrutura ultra-completa de diretórios...
[2025-07-06T13:22:28.752Z] [SUCCESS] [STRUCTURE] Estrutura criada: 167 novos, 2 existentes, 169 total
[2025-07-06T13:22:28.753Z] [STEP] [BUILD] ⚙️ Configurando sistema...
[2025-07-06T13:22:28.753Z] [STEP] [CONFIG] Criando configurações avançadas do sistema...
[2025-07-06T13:22:28.774Z] [SUCCESS] [CONFIG] Configurações do sistema: 11/11 arquivos criados
[2025-07-06T13:22:28.774Z] [STEP] [BUILD] 🔒 Configurando segurança...
[2025-07-06T13:22:28.775Z] [STEP] [SECURITY] Criando configurações ultra-avançadas de segurança...
[2025-07-06T13:22:28.776Z] [SUCCESS] [SECURITY] Configurações de segurança: 5/5 arquivos criados
[2025-07-06T13:22:28.777Z] [STEP] [BUILD] 🛠️ Criando instalação de ferramentas...
[2025-07-06T13:22:28.779Z] [STEP] [TOOLS] Criando instalação ultra-completa de ferramentas...
[2025-07-06T13:22:28.805Z] [SUCCESS] [TOOLS] Scripts de instalação: 16/16 criados
[2025-07-06T13:22:28.805Z] [STEP] [BUILD] 💿 Configurando criação de ISO...
[2025-07-06T13:22:28.806Z] [STEP] [ISO] Criando configuração para ISO bootável...
[2025-07-06T13:22:28.807Z] [SUCCESS] [ISO] Configurações de ISO: 3/3 arquivos criados
[2025-07-06T13:22:28.808Z] [STEP] [BUILD] 📚 Criando wordlists...
[2025-07-06T13:22:28.808Z] [STEP] [WORDLISTS] Criando wordlists avançadas...
[2025-07-06T13:22:28.810Z] [SUCCESS] [WORDLISTS] Wordlists: 5/5 arquivos criados
[2025-07-06T13:22:28.810Z] [STEP] [BUILD] 👨‍💼 Criando scripts de administração...
[2025-07-06T13:22:28.811Z] [STEP] [ADMIN] Criando scripts de administração avançados...
[2025-07-06T13:22:28.813Z] [SUCCESS] [ADMIN] Scripts de administração: 3/3 criados
[2025-07-06T13:22:28.813Z] [STEP] [BUILD] 📖 Criando documentação...
[2025-07-06T13:22:28.814Z] [STEP] [DOCS] Criando documentação ultra-completa...
[2025-07-06T13:22:28.815Z] [SUCCESS] [DOCS] Documentação: 3/3 arquivos criados
[2025-07-06T13:22:28.815Z] [STEP] [BUILD] 🖥️ Configurando ambiente desktop...
[2025-07-06T13:22:28.815Z] [STEP] [DESKTOP] Configurando ambiente desktop...
[2025-07-06T13:22:28.816Z] [SUCCESS] [DESKTOP] Configuração desktop: 2/2 arquivos criados
[2025-07-06T13:22:28.816Z] [STEP] [BUILD] 📋 Criando manifesto...
[2025-07-06T13:22:28.817Z] [STEP] [MANIFEST] Criando manifesto avançado da distribuição...
[2025-07-06T13:22:28.817Z] [STEP] [ENVIRONMENT] Iniciando detecção avançada do ambiente...
[2025-07-06T13:22:28.955Z] [WARNING] [ENVIRONMENT] Verificação de espaço em disco pulada em darwin
[2025-07-06T13:22:28.956Z] [SUCCESS] [REQUIREMENTS] Todos os requisitos de build foram atendidos
[2025-07-06T13:22:28.956Z] [SUCCESS] [ENVIRONMENT] Ambiente: macOS Cross-Platform Build
[2025-07-06T13:22:28.956Z] [INFO] [ENVIRONMENT] Hardware: 4 CPUs, 8GB RAM
[2025-07-06T13:22:28.956Z] [INFO] [ENVIRONMENT] Sistema: darwin x64
[2025-07-06T13:22:28.956Z] [INFO] [ENVIRONMENT] Espaço em disco: 45GB disponível
[2025-07-06T13:22:28.986Z] [SUCCESS] [MANIFEST] Manifesto avançado criado
[2025-07-06T13:22:28.987Z] [STEP] [BUILD] 🧪 Executando testes de integridade...
[2025-07-06T13:22:28.987Z] [STEP] [TESTS] Executando testes abrangentes de integridade...
[2025-07-06T13:22:28.989Z] [SUCCESS] [TESTS] Testes de estrutura: 11/11
[2025-07-06T13:22:28.989Z] [SUCCESS] [TESTS] Testes de configuração: 5/5
[2025-07-06T13:22:28.989Z] [SUCCESS] [TESTS] Testes de scripts: 4/4
[2025-07-06T13:22:28.990Z] [SUCCESS] [TESTS] Testes de segurança: 5/5
[2025-07-06T13:22:28.990Z] [SUCCESS] [TESTS] Testes de documentação: 3/3
[2025-07-06T13:22:28.990Z] [SUCCESS] [TESTS] Resultado geral: 100% (28/28)
[2025-07-06T13:22:28.990Z] [STEP] [BUILD] 📊 Gerando relatório final...
[2025-07-06T13:22:28.991Z] [STEP] [REPORT] Gerando relatório final avançado...
[2025-07-06T13:22:28.991Z] [STEP] [ENVIRONMENT] Iniciando detecção avançada do ambiente...
[2025-07-06T13:22:29.124Z] [WARNING] [ENVIRONMENT] Verificação de espaço em disco pulada em darwin
[2025-07-06T13:22:29.124Z] [SUCCESS] [REQUIREMENTS] Todos os requisitos de build foram atendidos
[2025-07-06T13:22:29.125Z] [SUCCESS] [ENVIRONMENT] Ambiente: macOS Cross-Platform Build
[2025-07-06T13:22:29.125Z] [INFO] [ENVIRONMENT] Hardware: 4 CPUs, 8GB RAM
[2025-07-06T13:22:29.125Z] [INFO] [ENVIRONMENT] Sistema: darwin x64
[2025-07-06T13:22:29.126Z] [INFO] [ENVIRONMENT] Espaço em disco: 45GB disponível
[2025-07-06T13:22:29.128Z] [SUCCESS] [REPORT] Relatório final avançado gerado
[2025-07-06T13:22:29.128Z] [INFO] [GENERAL] ================================================================================
[2025-07-06T13:22:29.128Z] [SUCCESS] [BUILD] ✅ SecurityForge Linux 3.1.0 construído com sucesso em 1s!
[2025-07-06T13:22:29.129Z] [INFO] [GENERAL] ================================================================================
